Identified Python 3.9.2 at /usr/bin/python3.9
[Bootstrap] Identified pip 20.3.4 from /usr/lib/python3/dist-packages/pip (python 3.9)' at /usr/bin/python3.9 -m pip
[Bootstrap] Identified 'pipenv, version 2023.5.19' at /usr/bin/python3.9 -m pipenv
[Bootstrap] Running '/usr/bin/python3.9 -m pipenv install --python 3.9' to ensure the existence of a virtual environment.
[Bootstrap] This may take a moment.
Installing dependencies from Pipfile.lock (df9bb1)...
To activate this project's virtualenv, run pipenv shell.
Alternatively, run a command inside the virtualenv with pipenv run.
[Bootstrap] Running the script in a virtual environment.
/usr/bin/python3.9 -m pipenv run python3 ./main.py
=== Welcome ===
Please review the currently saved information about your team:
 1 - First name: Sarah Yanuar Nadia; Last name: Allisa; Matriculation number: 5307737
 2 - First name: Yohanes Ranandika; Last name: Kirana; Matriculation number: 5310931
 3 - First name: Fatma Nur; Last name: Demir; Matriculation number: 5116449
Is this information up to date? [Y/n] 
Do you want to submit a solution now? [Y/n] 
=== Submitting ===


Selected variant 'memory' for assignment 'memory'.
=== Building submission ===
Running 'cmake . && rm CMakeCache.txt && make'.
=== Building submission finished ===
=== Cleaning directory for submission ===
=== Cleaning directory finished ===
=== Starting Upload ===
=== Upload finished ===
=== BEGIN Upload Log
[2023-07-12 16:32:57.194801] Received submission 7f9400d5-6b50-4703-a21f-5d97586bdcce
[2023-07-12 16:32:57.194854] Ip: 92.77.119.176
[2023-07-12 16:32:57.194880] Team members: [('Allisa', 'Sarah Yanuar Nadia', '5307737'), ('Kirana', 'Yohanes Ranandika', '5310931'), ('Demir', 'Fatma Nur', '5116449')]
[2023-07-12 16:32:57.263658] Your submission was ACCEPTED for course 'Betriebssysteme-ss23', assignment 'memory'.
[2023-07-12 16:32:57.263714] Your submission has the id 7f9400d5-6b50-4703-a21f-5d97586bdcce.
[2023-07-12 16:32:57.264140] It will be evaluated shortly. Please check back soon for your results.

=== END Upload Log
Successfully submitted your solution. Please see the upload log above for more details.
Polling for results (Press CTRL + C to abort)........................
=== Evaluation results for submission '7f9400d5-6b50-4703-a21f-5d97586bdcce' retrieved. ===
You achieved the score 154/154 (100%).
You have PASSED this assignment.
Do you want to view the evaluation log now? [Y/n] 