[2023-07-12 16:32:49.431493] Bootstrap log:
Identified Python 3.9.2 at /usr/bin/python3.9
[Bootstrap] Identified pip 20.3.4 from /usr/lib/python3/dist-packages/pip (python 3.9)' at /usr/bin/python3.9 -m pip
[Bootstrap] Identified 'pipenv, version 2023.5.19' at /usr/bin/python3.9 -m pipenv
[Bootstrap] Running '/usr/bin/python3.9 -m pipenv install --python 3.9' to ensure the existence of a virtual environment.
[Bootstrap] This may take a moment.
Installing dependencies from Pipfile.lock (df9bb1)...
To activate this project's virtualenv, run pipenv shell.
Alternatively, run a command inside the virtualenv with pipenv run.
[Bootstrap] Running the script in a virtual environment.
/usr/bin/python3.9 -m pipenv run python3 ./main.py

[2023-07-12 16:32:49.431554] === Welcome ===
[2023-07-12 16:32:49.492428] Please review the currently saved information about your team:
[2023-07-12 16:32:49.492473]  1 - First name: Sarah Yanuar Nadia; Last name: Allisa; Matriculation number: 5307737
[2023-07-12 16:32:49.492480]  2 - First name: Yohanes Ranandika; Last name: Kirana; Matriculation number: 5310931
[2023-07-12 16:32:49.492485]  3 - First name: Fatma Nur; Last name: Demir; Matriculation number: 5116449
[2023-07-12 16:32:51.563278] 
[2023-07-12 16:32:56.815820] 
[2023-07-12 16:32:56.815943] === Submitting ===
[2023-07-12 16:32:56.816497] 
[2023-07-12 16:32:56.816599] 
[2023-07-12 16:32:56.816614] Selected variant 'memory' for assignment 'memory'.
[2023-07-12 16:32:56.828207] === Building submission ===
[2023-07-12 16:32:56.828228] Running 'cmake . && rm CMakeCache.txt && make'.
[2023-07-12 16:32:56.828235] === Building submission finished ===
[2023-07-12 16:32:57.104390] === Cleaning directory for submission ===
[2023-07-12 16:32:57.106557] === Cleaning directory finished ===
[2023-07-12 16:32:57.116282] === Starting Upload ===
[2023-07-12 16:32:57.288669] === Upload finished ===
[2023-07-12 16:32:57.288692] === BEGIN Upload Log
[2023-07-12 16:32:57.288700] [2023-07-12 16:32:57.194801] Received submission 7f9400d5-6b50-4703-a21f-5d97586bdcce
[2023-07-12 16:32:57.194854] Ip: 92.77.119.176
[2023-07-12 16:32:57.194880] Team members: [('Allisa', 'Sarah Yanuar Nadia', '5307737'), ('Kirana', 'Yohanes Ranandika', '5310931'), ('Demir', 'Fatma Nur', '5116449')]
[2023-07-12 16:32:57.263658] Your submission was ACCEPTED for course 'Betriebssysteme-ss23', assignment 'memory'.
[2023-07-12 16:32:57.263714] Your submission has the id 7f9400d5-6b50-4703-a21f-5d97586bdcce.
[2023-07-12 16:32:57.264140] It will be evaluated shortly. Please check back soon for your results.

[2023-07-12 16:32:57.288710] === END Upload Log
[2023-07-12 16:32:57.288717] Successfully submitted your solution. Please see the upload log above for more details.
[2023-07-12 16:32:57.289262] Polling for results (Press CTRL + C to abort).
[2023-07-12 16:32:57.346228] .
[2023-07-12 16:32:58.416704] .
[2023-07-12 16:32:59.494428] .
[2023-07-12 16:33:00.566156] .
[2023-07-12 16:33:01.643087] .
[2023-07-12 16:33:02.717854] .
[2023-07-12 16:33:03.782669] .
[2023-07-12 16:33:04.864823] .
[2023-07-12 16:33:05.938109] .
[2023-07-12 16:33:07.019287] .
[2023-07-12 16:33:08.098174] .
[2023-07-12 16:33:09.178074] .
[2023-07-12 16:33:10.256107] .
[2023-07-12 16:33:11.329125] .
[2023-07-12 16:33:12.396708] .
[2023-07-12 16:33:13.472055] .
[2023-07-12 16:33:14.551474] .
[2023-07-12 16:33:15.625049] .
[2023-07-12 16:33:16.707565] .
[2023-07-12 16:33:17.791227] .
[2023-07-12 16:33:18.867386] .
[2023-07-12 16:33:19.943756] .
[2023-07-12 16:33:21.015124] .
[2023-07-12 16:33:22.195948] 
=== Evaluation results for submission '7f9400d5-6b50-4703-a21f-5d97586bdcce' retrieved. ===
[2023-07-12 16:33:22.196033] You achieved the score 154/154 (100%).
[2023-07-12 16:33:22.196045] You have PASSED this assignment.
